
> client@0.1.0 start
> react-scripts start

[baseline-browser-mapping] The data in this module is over two months old.  To ensure accurate Baseline data, please update: `npm i baseline-browser-mapping@latest -D`
(node:5342) [DEP_WEBPACK_DEV_SERVER_ON_AFTER_SETUP_MIDDLEWARE] DeprecationWarning: 'onAfterSetupMiddleware' option is deprecated. Please use the 'setupMiddlewares' option.
(Use `node --trace-deprecation ...` to show where the warning was created)
(node:5342) [DEP_WEBPACK_DEV_SERVER_ON_BEFORE_SETUP_MIDDLEWARE] DeprecationWarning: 'onBeforeSetupMiddleware' option is deprecated. Please use the 'setupMiddlewares' option.
Starting the development server...

Compiled with warnings.

[eslint]
src/components/AlgoStrategies.tsx
  Line 4:24:   'setStrategies' is assigned a value but never used  @typescript-eslint/no-unused-vars
  Line 11:20:  'setTrades' is assigned a value but never used      @typescript-eslint/no-unused-vars

src/components/RoboAdvisor.tsx
  Line 4:24:   'setAllocation' is assigned a value but never used   @typescript-eslint/no-unused-vars
  Line 11:25:  'setRiskProfile' is assigned a value but never used  @typescript-eslint/no-unused-vars

src/pages/KnowledgeGraph.tsx
  Line 61:45:  Comments inside children section of tag should be placed inside braces  react/jsx-no-comment-textnodes

src/pages/TradingTerminal.tsx
  Line 1:17:  'useState' is defined but never used  @typescript-eslint/no-unused-vars

src/pages/Vault.tsx
  Line 25:125:  Comments inside children section of tag should be placed inside braces  react/jsx-no-comment-textnodes

Search for the keywords to learn more about each warning.
To ignore, add // eslint-disable-next-line to the line before.

WARNING in [eslint]
src/components/AlgoStrategies.tsx
  Line 4:24:   'setStrategies' is assigned a value but never used  @typescript-eslint/no-unused-vars
  Line 11:20:  'setTrades' is assigned a value but never used      @typescript-eslint/no-unused-vars

src/components/RoboAdvisor.tsx
  Line 4:24:   'setAllocation' is assigned a value but never used   @typescript-eslint/no-unused-vars
  Line 11:25:  'setRiskProfile' is assigned a value but never used  @typescript-eslint/no-unused-vars

src/pages/KnowledgeGraph.tsx
  Line 61:45:  Comments inside children section of tag should be placed inside braces  react/jsx-no-comment-textnodes

src/pages/TradingTerminal.tsx
  Line 1:17:  'useState' is defined but never used  @typescript-eslint/no-unused-vars

src/pages/Vault.tsx
  Line 25:125:  Comments inside children section of tag should be placed inside braces  react/jsx-no-comment-textnodes

webpack compiled with 1 warning
No issues found.
