2026-02-16 23:57:35,457 - SystemOrchestrator - INFO - Initialized System Orchestrator at 2026-02-16 23:57:35.457735
2026-02-16 23:57:35,458 - SystemOrchestrator - INFO - >>> BEGINNING DAILY UPDATE CYCLE <<<
2026-02-16 23:57:35,458 - SystemOrchestrator - INFO - STARTING: Daily Data Ingestion (run_daily_ingestion.py)
2026-02-16 23:57:36,078 - SystemOrchestrator - ERROR - FAILURE: Daily Data Ingestion
2026-02-16 23:57:36,078 - SystemOrchestrator - ERROR - STDERR:
Traceback (most recent call last):
  File "/app/scripts/run_daily_ingestion.py", line 10, in <module>
    from core.agents.sub_agents.data_ingestion_agent import DataIngestionAgent
  File "/app/core/agents/__init__.py", line 2, in <module>
    from .hnasp_agent import HNASPAgent
  File "/app/core/agents/hnasp_agent.py", line 4, in <module>
    from core.agents.agent_base import AgentBase
  File "/app/core/agents/agent_base.py", line 6, in <module>
    from pydantic import BaseModel
ModuleNotFoundError: No module named 'pydantic'
2026-02-16 23:57:36,078 - SystemOrchestrator - INFO - STARTING: Market Snapshot Generation (generate_market_snapshot.py)
2026-02-16 23:57:36,334 - SystemOrchestrator - INFO - SUCCESS: Market Snapshot Generation
2026-02-16 23:57:36,334 - SystemOrchestrator - INFO - STARTING: Market Mayhem Reports (generate_market_mayhem_archive.py)
2026-02-16 23:57:36,397 - SystemOrchestrator - ERROR - FAILURE: Market Mayhem Reports
2026-02-16 23:57:36,397 - SystemOrchestrator - ERROR - STDERR:
Traceback (most recent call last):
  File "/app/scripts/generate_market_mayhem_archive.py", line 5, in <module>
    import yaml
ModuleNotFoundError: No module named 'yaml'
2026-02-16 23:57:36,397 - SystemOrchestrator - INFO - STARTING: System Brain Update (generate_system_brain_data.py)
2026-02-16 23:57:36,435 - SystemOrchestrator - ERROR - FAILURE: System Brain Update
2026-02-16 23:57:36,435 - SystemOrchestrator - ERROR - STDERR:
Traceback (most recent call last):
  File "/app/scripts/generate_system_brain_data.py", line 3, in <module>
    import psutil
ModuleNotFoundError: No module named 'psutil'
2026-02-16 23:57:36,435 - SystemOrchestrator - INFO - STARTING: Module Exports (export_module.py)
2026-02-16 23:57:36,782 - SystemOrchestrator - INFO - SUCCESS: Module Exports
2026-02-16 23:57:36,782 - SystemOrchestrator - INFO - >>> DAILY CYCLE COMPLETE <<<
2026-02-16 23:57:36,782 - SystemOrchestrator - INFO - Duration: 0:00:01.324859
2026-02-16 23:57:36,782 - SystemOrchestrator - INFO - Success Rate: 2/5
2026-02-16 23:58:46,118 - SystemOrchestrator - INFO - Initialized System Orchestrator at 2026-02-16 23:58:46.117972
2026-02-16 23:58:46,118 - SystemOrchestrator - INFO - >>> BEGINNING DAILY UPDATE CYCLE <<<
2026-02-16 23:58:46,118 - SystemOrchestrator - INFO - STARTING: Daily Data Ingestion (run_daily_ingestion.py)
2026-02-16 23:58:46,236 - SystemOrchestrator - ERROR - FAILURE: Daily Data Ingestion
2026-02-16 23:58:46,236 - SystemOrchestrator - ERROR - STDERR:
Traceback (most recent call last):
  File "/app/scripts/run_daily_ingestion.py", line 10, in <module>
    from core.agents.sub_agents.data_ingestion_agent import DataIngestionAgent
  File "/app/core/agents/__init__.py", line 2, in <module>
    from .hnasp_agent import HNASPAgent
  File "/app/core/agents/hnasp_agent.py", line 4, in <module>
    from core.agents.agent_base import AgentBase
  File "/app/core/agents/agent_base.py", line 6, in <module>
    from pydantic import BaseModel
ModuleNotFoundError: No module named 'pydantic'
2026-02-16 23:58:46,236 - SystemOrchestrator - INFO - STARTING: Market Snapshot Generation (generate_market_snapshot.py)
2026-02-16 23:58:46,319 - SystemOrchestrator - INFO - SUCCESS: Market Snapshot Generation
2026-02-16 23:58:46,320 - SystemOrchestrator - INFO - STARTING: Market Mayhem Reports (generate_market_mayhem_archive.py)
2026-02-16 23:58:46,370 - SystemOrchestrator - ERROR - FAILURE: Market Mayhem Reports
2026-02-16 23:58:46,370 - SystemOrchestrator - ERROR - STDERR:
Traceback (most recent call last):
  File "/app/scripts/generate_market_mayhem_archive.py", line 5, in <module>
    import yaml
ModuleNotFoundError: No module named 'yaml'
2026-02-16 23:58:46,370 - SystemOrchestrator - INFO - STARTING: System Brain Update (generate_system_brain_data.py)
2026-02-16 23:58:46,406 - SystemOrchestrator - ERROR - FAILURE: System Brain Update
2026-02-16 23:58:46,406 - SystemOrchestrator - ERROR - STDERR:
Traceback (most recent call last):
  File "/app/scripts/generate_system_brain_data.py", line 3, in <module>
    import psutil
ModuleNotFoundError: No module named 'psutil'
2026-02-16 23:58:46,406 - SystemOrchestrator - INFO - STARTING: Module Exports (export_module.py)
2026-02-16 23:58:46,571 - SystemOrchestrator - INFO - SUCCESS: Module Exports
2026-02-16 23:58:46,571 - SystemOrchestrator - INFO - >>> DAILY CYCLE COMPLETE <<<
2026-02-16 23:58:46,571 - SystemOrchestrator - INFO - Duration: 0:00:00.453830
2026-02-16 23:58:46,571 - SystemOrchestrator - INFO - Success Rate: 2/5
2026-02-17 00:01:01,134 - SystemOrchestrator - INFO - Initialized System Orchestrator at 2026-02-17 00:01:01.133974
2026-02-17 00:01:01,134 - SystemOrchestrator - INFO - >>> BEGINNING DAILY UPDATE CYCLE <<<
2026-02-17 00:01:01,134 - SystemOrchestrator - INFO - STARTING: Daily Data Ingestion (run_daily_ingestion.py)
2026-02-17 00:01:01,971 - SystemOrchestrator - ERROR - FAILURE: Daily Data Ingestion
2026-02-17 00:01:01,971 - SystemOrchestrator - ERROR - STDERR:
Traceback (most recent call last):
  File "/app/scripts/run_daily_ingestion.py", line 10, in <module>
    from core.agents.sub_agents.data_ingestion_agent import DataIngestionAgent
  File "/app/core/agents/__init__.py", line 2, in <module>
    from .hnasp_agent import HNASPAgent
  File "/app/core/agents/hnasp_agent.py", line 5, in <module>
    from core.hnasp.state_manager import HNASPStateManager
  File "/app/core/hnasp/state_manager.py", line 8, in <module>
    from core.hnasp.personality import BayesACTEngine
  File "/app/core/hnasp/personality.py", line 1, in <module>
    import numpy as np
ModuleNotFoundError: No module named 'numpy'
2026-02-17 00:01:01,972 - SystemOrchestrator - INFO - STARTING: Market Snapshot Generation (generate_market_snapshot.py)
2026-02-17 00:01:02,130 - SystemOrchestrator - INFO - SUCCESS: Market Snapshot Generation
2026-02-17 00:01:02,130 - SystemOrchestrator - INFO - STARTING: Market Mayhem Reports (generate_market_mayhem_archive.py)
2026-02-17 00:01:02,237 - SystemOrchestrator - ERROR - FAILURE: Market Mayhem Reports
2026-02-17 00:01:02,237 - SystemOrchestrator - ERROR - STDERR:
Traceback (most recent call last):
  File "/app/scripts/generate_market_mayhem_archive.py", line 9, in <module>
    from bs4 import BeautifulSoup
ModuleNotFoundError: No module named 'bs4'
2026-02-17 00:01:02,237 - SystemOrchestrator - INFO - STARTING: System Brain Update (generate_system_brain_data.py)
2026-02-17 00:01:02,599 - SystemOrchestrator - INFO - SUCCESS: System Brain Update
2026-02-17 00:01:02,600 - SystemOrchestrator - INFO - STARTING: Module Exports (export_module.py)
2026-02-17 00:01:02,873 - SystemOrchestrator - INFO - SUCCESS: Module Exports
2026-02-17 00:01:02,873 - SystemOrchestrator - INFO - >>> DAILY CYCLE COMPLETE <<<
2026-02-17 00:01:02,873 - SystemOrchestrator - INFO - Duration: 0:00:01.739276
2026-02-17 00:01:02,873 - SystemOrchestrator - INFO - Success Rate: 3/5
2026-02-17 00:01:34,936 - SystemOrchestrator - INFO - Initialized System Orchestrator at 2026-02-17 00:01:34.936504
2026-02-17 00:01:34,936 - SystemOrchestrator - INFO - >>> BEGINNING DAILY UPDATE CYCLE <<<
2026-02-17 00:01:34,936 - SystemOrchestrator - INFO - STARTING: Daily Data Ingestion (run_daily_ingestion.py)
2026-02-17 00:04:09,965 - SystemOrchestrator - INFO - SUCCESS: Daily Data Ingestion
2026-02-17 00:04:09,965 - SystemOrchestrator - INFO - STARTING: Market Snapshot Generation (generate_market_snapshot.py)
2026-02-17 00:04:10,042 - SystemOrchestrator - INFO - SUCCESS: Market Snapshot Generation
2026-02-17 00:04:10,043 - SystemOrchestrator - INFO - STARTING: Market Mayhem Reports (generate_market_mayhem_archive.py)
2026-02-17 00:04:20,628 - SystemOrchestrator - INFO - SUCCESS: Market Mayhem Reports
2026-02-17 00:04:20,628 - SystemOrchestrator - INFO - STARTING: System Brain Update (generate_system_brain_data.py)
2026-02-17 00:04:20,888 - SystemOrchestrator - INFO - SUCCESS: System Brain Update
2026-02-17 00:04:20,888 - SystemOrchestrator - INFO - STARTING: Module Exports (export_module.py)
2026-02-17 00:04:21,059 - SystemOrchestrator - INFO - SUCCESS: Module Exports
2026-02-17 00:04:21,059 - SystemOrchestrator - INFO - >>> DAILY CYCLE COMPLETE <<<
2026-02-17 00:04:21,059 - SystemOrchestrator - INFO - Duration: 0:02:46.122810
2026-02-17 00:04:21,059 - SystemOrchestrator - INFO - Success Rate: 5/5
